[2024-10-03 16:55:20] Received data: Array
(
    [customer] => Walk-in Customer
    [order_type] => DINE
    [discount] => Regular
    [payment_method] => Debit
    [total_price] => 1891.80
    [created_by] => 1
    [orderedItems] => Array
        (
            [0] => Array
                (
                    [menu_id] => 113
                    [menu_name] => Rich Velvet Bliss
                    [menu_image] => img/menu/bday4.png
                    [category] => null
                    [quantity] => 3
                    [price] => 700
                )

            [1] => Array
                (
                    [menu_id] => 113
                    [menu_name] => 
                    [category] => null
                    [price] => 
                )

            [2] => Array
                (
                    [menu_id] => 124
                    [menu_name] => adas
                    [menu_image] => img/menu/cake1.png
                    [category] => null
                    [quantity] => 1
                    [price] => 2
                )

            [3] => Array
                (
                    [menu_id] => 124
                    [menu_name] => 
                    [category] => null
                    [price] => 
                )

        )

)

[2024-10-03 16:55:20] Error processing order: Failed to insert order: No order_id returned
[2024-10-03 16:58:06] Received data: Array
(
    [customer] => Walk-in Customer
    [order_type] => DINE
    [discount] => Regular
    [payment_method] => Debit
    [total_price] => 1891.80
    [created_by] => 1
    [orderedItems] => Array
        (
            [0] => Array
                (
                    [menu_id] => 113
                    [menu_name] => Rich Velvet Bliss
                    [menu_image] => img/menu/bday4.png
                    [category] => null
                    [quantity] => 3
                    [price] => 700
                )

            [1] => Array
                (
                    [menu_id] => 113
                    [menu_name] => 
                    [category] => null
                    [price] => 
                )

            [2] => Array
                (
                    [menu_id] => 124
                    [menu_name] => adas
                    [menu_image] => img/menu/cake1.png
                    [category] => null
                    [quantity] => 1
                    [price] => 2
                )

            [3] => Array
                (
                    [menu_id] => 124
                    [menu_name] => 
                    [category] => null
                    [price] => 
                )

        )

)

[2024-10-03 16:58:06] Error processing order: Failed to insert order: No order_id returned
